Dez 31, 2013 1:36:52 PM de.proglabor.aufgabe4.main.Main main
Information: Application Started
Dez 31, 2013 1:37:08 PM de.proglabor.aufgabe4.modell.Welt runSim
Information: Simulation Started
Dez 31, 2013 1:37:08 PM de.proglabor.aufgabe4.modell.Welt runSim
Information: Simulation Done
Dez 31, 2013 1:37:17 PM de.proglabor.aufgabe4.modell.Welt runSim
Information: Simulation Started
Dez 31, 2013 1:37:17 PM de.proglabor.aufgabe4.modell.Welt runSim
Information: Simulation Stoped All Animals are Dead
Dez 31, 2013 1:37:17 PM de.proglabor.aufgabe4.modell.Welt runSim
Information: Simulation Done
Dez 31, 2013 1:37:18 PM de.proglabor.aufgabe4.modell.Welt runSim
Information: Simulation Started
Dez 31, 2013 1:37:18 PM de.proglabor.aufgabe4.modell.Welt runSim
Information: Simulation Done
Dez 31, 2013 1:37:18 PM de.proglabor.aufgabe4.modell.Welt runSim
Information: Simulation Started
Dez 31, 2013 1:37:18 PM de.proglabor.aufgabe4.modell.Welt runSim
Information: Simulation Stoped All Animals are Dead
Dez 31, 2013 1:37:18 PM de.proglabor.aufgabe4.modell.Welt runSim
Information: Simulation Done
Dez 31, 2013 1:37:18 PM de.proglabor.aufgabe4.modell.Welt runSim
Information: Simulation Started
Dez 31, 2013 1:37:18 PM de.proglabor.aufgabe4.modell.Welt runSim
Information: Simulation Stoped All Animals are Dead
Dez 31, 2013 1:37:18 PM de.proglabor.aufgabe4.modell.Welt runSim
Information: Simulation Done
Dez 31, 2013 1:37:19 PM de.proglabor.aufgabe4.modell.Welt runSim
Information: Simulation Started
Dez 31, 2013 1:37:19 PM de.proglabor.aufgabe4.modell.Welt runSim
Information: Simulation Stoped All Animals are Dead
Dez 31, 2013 1:37:19 PM de.proglabor.aufgabe4.modell.Welt runSim
Information: Simulation Done
Dez 31, 2013 1:37:19 PM de.proglabor.aufgabe4.modell.Welt runSim
Information: Simulation Started
Dez 31, 2013 1:37:19 PM de.proglabor.aufgabe4.modell.Welt runSim
Information: Simulation Stoped All Animals are Dead
Dez 31, 2013 1:37:19 PM de.proglabor.aufgabe4.modell.Welt runSim
Information: Simulation Done
Dez 31, 2013 1:37:20 PM de.proglabor.aufgabe4.modell.Welt runSim
Information: Simulation Started
Dez 31, 2013 1:37:20 PM de.proglabor.aufgabe4.modell.Welt runSim
Information: Simulation Stoped All Animals are Dead
Dez 31, 2013 1:37:20 PM de.proglabor.aufgabe4.modell.Welt runSim
Information: Simulation Done
Dez 31, 2013 1:37:21 PM de.proglabor.aufgabe4.modell.Welt runSim
Information: Simulation Started
Dez 31, 2013 1:37:21 PM de.proglabor.aufgabe4.modell.Welt runSim
Information: Simulation Done
Dez 31, 2013 1:37:21 PM de.proglabor.aufgabe4.modell.Welt runSim
Information: Simulation Started
Dez 31, 2013 1:37:21 PM de.proglabor.aufgabe4.modell.Welt runSim
Information: Simulation Done
Dez 31, 2013 1:37:22 PM de.proglabor.aufgabe4.modell.Welt runSim
Information: Simulation Started
Dez 31, 2013 1:37:22 PM de.proglabor.aufgabe4.modell.Welt runSim
Information: Simulation Done
Dez 31, 2013 1:37:22 PM de.proglabor.aufgabe4.modell.Welt runSim
Information: Simulation Started
Dez 31, 2013 1:37:22 PM de.proglabor.aufgabe4.modell.Welt runSim
Information: Simulation Stoped All Animals are Dead
Dez 31, 2013 1:37:22 PM de.proglabor.aufgabe4.modell.Welt runSim
Information: Simulation Done
Dez 31, 2013 1:37:23 PM de.proglabor.aufgabe4.modell.Welt runSim
Information: Simulation Started
Dez 31, 2013 1:37:23 PM de.proglabor.aufgabe4.modell.Welt runSim
Information: Simulation Stoped All Animals are Dead
Dez 31, 2013 1:37:23 PM de.proglabor.aufgabe4.modell.Welt runSim
Information: Simulation Done
Dez 31, 2013 1:37:23 PM de.proglabor.aufgabe4.modell.Welt runSim
Information: Simulation Started
Dez 31, 2013 1:37:23 PM de.proglabor.aufgabe4.modell.Welt runSim
Information: Simulation Stoped All Animals are Dead
Dez 31, 2013 1:37:23 PM de.proglabor.aufgabe4.modell.Welt runSim
Information: Simulation Done
Dez 31, 2013 1:37:24 PM de.proglabor.aufgabe4.modell.Welt runSim
Information: Simulation Started
Dez 31, 2013 1:37:24 PM de.proglabor.aufgabe4.modell.Welt runSim
Information: Simulation Done
Dez 31, 2013 1:37:24 PM de.proglabor.aufgabe4.modell.Welt runSim
Information: Simulation Started
Dez 31, 2013 1:37:24 PM de.proglabor.aufgabe4.modell.Welt runSim
Information: Simulation Stoped All Animals are Dead
Dez 31, 2013 1:37:24 PM de.proglabor.aufgabe4.modell.Welt runSim
Information: Simulation Done
Dez 31, 2013 1:37:25 PM de.proglabor.aufgabe4.modell.Welt runSim
Information: Simulation Started
Dez 31, 2013 1:37:25 PM de.proglabor.aufgabe4.modell.Welt runSim
Information: Simulation Done
Dez 31, 2013 1:37:25 PM de.proglabor.aufgabe4.modell.Welt runSim
Information: Simulation Started
Dez 31, 2013 1:37:25 PM de.proglabor.aufgabe4.modell.Welt runSim
Information: Simulation Stoped All Animals are Dead
Dez 31, 2013 1:37:25 PM de.proglabor.aufgabe4.modell.Welt runSim
Information: Simulation Done
Dez 31, 2013 1:37:26 PM de.proglabor.aufgabe4.modell.Welt runSim
Information: Simulation Started
Dez 31, 2013 1:37:26 PM de.proglabor.aufgabe4.modell.Welt runSim
Information: Simulation Stoped All Animals are Dead
Dez 31, 2013 1:37:26 PM de.proglabor.aufgabe4.modell.Welt runSim
Information: Simulation Done
Dez 31, 2013 1:37:26 PM de.proglabor.aufgabe4.modell.Welt runSim
Information: Simulation Started
Dez 31, 2013 1:37:26 PM de.proglabor.aufgabe4.modell.Welt runSim
Information: Simulation Done
Dez 31, 2013 1:37:27 PM de.proglabor.aufgabe4.modell.Welt runSim
Information: Simulation Started
Dez 31, 2013 1:37:27 PM de.proglabor.aufgabe4.modell.Welt runSim
Information: Simulation Stoped All Animals are Dead
Dez 31, 2013 1:37:27 PM de.proglabor.aufgabe4.modell.Welt runSim
Information: Simulation Done
Dez 31, 2013 1:37:27 PM de.proglabor.aufgabe4.modell.Welt runSim
Information: Simulation Started
Dez 31, 2013 1:37:27 PM de.proglabor.aufgabe4.modell.Welt runSim
Information: Simulation Done
Dez 31, 2013 1:37:28 PM de.proglabor.aufgabe4.modell.Welt runSim
Information: Simulation Started
Dez 31, 2013 1:37:28 PM de.proglabor.aufgabe4.modell.Welt runSim
Information: Simulation Stoped All Animals are Dead
Dez 31, 2013 1:37:28 PM de.proglabor.aufgabe4.modell.Welt runSim
Information: Simulation Done
Dez 31, 2013 1:37:28 PM de.proglabor.aufgabe4.modell.Welt runSim
Information: Simulation Started
Dez 31, 2013 1:37:28 PM de.proglabor.aufgabe4.modell.Welt runSim
Information: Simulation Done
Dez 31, 2013 1:37:29 PM de.proglabor.aufgabe4.modell.Welt runSim
Information: Simulation Started
Dez 31, 2013 1:37:29 PM de.proglabor.aufgabe4.modell.Welt runSim
Information: Simulation Done
Dez 31, 2013 1:37:29 PM de.proglabor.aufgabe4.modell.Welt runSim
Information: Simulation Started
Dez 31, 2013 1:37:29 PM de.proglabor.aufgabe4.modell.Welt runSim
Information: Simulation Done
Dez 31, 2013 1:37:30 PM de.proglabor.aufgabe4.modell.Welt runSim
Information: Simulation Started
Dez 31, 2013 1:37:30 PM de.proglabor.aufgabe4.modell.Welt runSim
Information: Simulation Stoped All Animals are Dead
Dez 31, 2013 1:37:30 PM de.proglabor.aufgabe4.modell.Welt runSim
Information: Simulation Done
Dez 31, 2013 1:37:30 PM de.proglabor.aufgabe4.modell.Welt runSim
Information: Simulation Started
Dez 31, 2013 1:37:30 PM de.proglabor.aufgabe4.modell.Welt runSim
Information: Simulation Done
